286   
== LOG REQUESTS LOST 6    ! ==
2011-03-03 16:28:21.24 => Err=1000 : BMP file specified does not exist!
2011-03-03 16:28:21.24 => Err=1000 : BMP file specified does not exist!
2011-03-03 16:28:21.24 => Err=1000 : BMP file specified does not exist!
2011-03-03 16:28:21.24 => Err=1000 : BMP file specified does not exist!
2011-03-03 16:28:21.24 => Err=1000 : BMP file specified does not exist!
2011-03-03 16:28:21.24 => Err=1000 : BMP file specified does not exist!
2011-03-03 16:28:21.24 => Err=1000 : BMP file specified does not exist!
2011-03-03 16:28:21.24 => Err=1000 : BMP file specified does not exist!
2011-03-03 16:28:22.34 => Err=20   : Timeout when waiting plc's response!
2011-03-03 16:28:22.56 => Err=20   : Timeout when waiting plc's response!
2011-03-03 16:28:22.83 => Err=20   : Timeout when waiting plc's response!
2011-03-03 16:28:23.10 => Err=20   : Timeout when waiting plc's response!
2011-03-03 16:28:23.38 => Err=20   : Timeout when waiting plc's response!
2011-03-03 16:28:23.60 => Err=20   : Timeout when waiting plc's response!
2011-03-03 16:28:23.87 => Err=20   : Timeout when waiting plc's response!
2011-03-03 16:28:24.15 => Err=20   : Timeout when waiting plc's response!
2011-03-03 16:28:24.42 => Err=20   : Timeout when waiting plc's response!
2011-03-03 16:28:24.70 => Err=20   : Timeout when waiting plc's response!
2011-03-03 16:28:24.97 => Err=20   : Timeout when waiting plc's response!
2011-03-03 16:28:25.19 => Err=20   : Timeout when waiting plc's response!
2011-03-03 16:28:25.47 => Err=20   : Timeout when waiting plc's response!
2011-03-03 16:28:25.74 => Err=20   : Timeout when waiting plc's response!
2011-03-03 16:28:26.02 => Err=20   : Timeout when waiting plc's response!
2011-03-03 16:28:26.24 => Err=20   : Timeout when waiting plc's response!
2011-03-03 16:28:26.51 => Err=20   : Timeout when waiting plc's response!
2011-03-03 16:28:26.78 => Err=20   : Timeout when waiting plc's response!
2011-03-03 16:28:27.06 => Err=20   : Timeout when waiting plc's response!
2011-03-03 16:28:27.33 => Err=20   : Timeout when waiting plc's response!
2011-03-03 16:28:27.55 => Err=1011 : BMPINFO is NOT ready when UnLoading BMP!
2011-03-03 16:28:27.55 => Err=1011 : BMPINFO is NOT ready when UnLoading BMP!
2011-03-03 16:28:27.55 => Err=20   : Timeout when waiting plc's response!
2011-03-03 16:28:27.77 => Err=1011 : BMPINFO is NOT ready when UnLoading BMP!
2011-03-03 16:28:27.77 => Err=1011 : BMPINFO is NOT ready when UnLoading BMP!
2011-03-03 16:28:27.83 => Err=20   : Timeout when waiting plc's response!
2011-03-03 16:28:28.10 => Err=20   : Timeout when waiting plc's response!
2011-03-03 16:28:28.21 => Err=1011 : BMPINFO is NOT ready when UnLoading BMP!
2011-03-03 16:28:28.21 => Err=1011 : BMPINFO is NOT ready when UnLoading BMP!
2011-03-03 16:28:28.38 => Err=20   : Timeout when waiting plc's response!
2011-03-03 16:28:28.65 => Err=20   : Timeout when waiting plc's response!
2011-03-03 16:28:28.93 => Err=20   : Timeout when waiting plc's response!
2011-03-03 16:28:29.09 => Err=1011 : BMPINFO is NOT ready when UnLoading BMP!
2011-03-03 16:28:29.09 => Err=1011 : BMPINFO is NOT ready when UnLoading BMP!
2011-03-03 16:28:29.15 => Err=20   : Timeout when waiting plc's response!
2011-03-03 16:28:29.26 => Err=1011 : BMPINFO is NOT ready when UnLoading BMP!
2011-03-03 16:28:29.26 => Err=1011 : BMPINFO is NOT ready when UnLoading BMP!
2011-03-03 16:28:29.42 => Err=20   : Timeout when waiting plc's response!
2011-03-03 16:28:29.70 => Err=20   : Timeout when waiting plc's response!
2011-03-03 16:28:29.92 => Err=20   : Timeout when waiting plc's response!
2011-03-03 16:28:30.19 => Err=20   : Timeout when waiting plc's response!
== LOG REQUESTS LOST 2    ! ==
2011-03-03 16:28:30.41 => Err=1011 : BMPINFO is NOT ready when UnLoading BMP!
2011-03-03 16:28:30.41 => Err=1011 : BMPINFO is NOT ready when UnLoading BMP!
2011-03-03 16:28:30.46 => Err=20   : Timeout when waiting plc's response!
2011-03-03 16:28:30.74 => Err=20   : Timeout when waiting plc's response!
2011-03-03 16:28:30.74 => Err=1011 : BMPINFO is NOT ready when UnLoading BMP!
2011-03-03 16:28:30.74 => Err=1011 : BMPINFO is NOT ready when UnLoading BMP!
2011-03-03 16:28:30.85 => Err=1011 : BMPINFO is NOT ready when UnLoading BMP!
2011-03-03 16:28:30.85 => Err=1011 : BMPINFO is NOT ready when UnLoading BMP!
2011-03-03 16:28:31.29 => Err=20   : Timeout when waiting plc's response!
2011-03-03 16:28:31.56 => Err=20   : Timeout when waiting plc's response!
2011-03-03 16:28:31.84 => Err=20   : Timeout when waiting plc's response!
2011-03-03 16:28:32.06 => Err=20   : Timeout when waiting plc's response!
2011-03-03 16:28:32.33 => Err=20   : Timeout when waiting plc's response!
2011-03-03 16:28:32.61 => Err=20   : Timeout when waiting plc's response!
2011-03-03 16:28:32.88 => Err=20   : Timeout when waiting plc's response!
2011-03-03 16:28:33.10 => Err=20   : Timeout when waiting plc's response!
2011-03-03 16:28:33.38 => Err=20   : Timeout when waiting plc's response!
2011-03-03 16:28:33.65 => Err=20   : Timeout when waiting plc's response!
2011-03-03 16:28:33.93 => Err=20   : Timeout when waiting plc's response!
2011-03-03 16:28:34.20 => Err=20   : Timeout when waiting plc's response!
2011-03-03 16:28:34.47 => Err=20   : Timeout when waiting plc's response!
2011-03-03 16:28:34.69 => Err=20   : Timeout when waiting plc's response!
2011-03-03 16:28:34.97 => Err=20   : Timeout when waiting plc's response!
2011-03-03 16:28:35.19 => Err=1011 : BMPINFO is NOT ready when UnLoading BMP!
2011-03-03 16:28:35.24 => Err=1011 : BMPINFO is NOT ready when UnLoading BMP!
2011-03-03 16:28:35.24 => Err=1011 : BMPINFO is NOT ready when UnLoading BMP!
2011-03-03 16:28:35.24 => Err=20   : Timeout when waiting plc's response!
2011-03-03 16:28:35.52 => Err=20   : Timeout when waiting plc's response!
2011-03-03 16:28:35.79 => Err=20   : Timeout when waiting plc's response!
2011-03-03 16:28:36.07 => Err=20   : Timeout when waiting plc's response!
2011-03-03 16:28:36.29 => Err=20   : Timeout when waiting plc's response!
2011-03-03 16:28:36.56 => Err=20   : Timeout when waiting plc's response!
2011-03-03 16:28:36.84 => Err=20   : Timeout when waiting plc's response!
2011-03-03 16:28:37.11 => Err=20   : Timeout when waiting plc's response!
2011-03-03 16:28:37.39 => Err=20   : Timeout when waiting plc's response!
2011-03-03 16:28:37.66 => Err=20   : Timeout when waiting plc's response!
2011-03-03 16:28:37.88 => Err=20   : Timeout when waiting plc's response!
2011-03-03 16:28:38.15 => Err=20   : Timeout when waiting plc's response!
2011-03-03 16:28:38.37 => Err=1011 : BMPINFO is NOT ready when UnLoading BMP!
2011-03-03 16:28:38.37 => Err=1011 : BMPINFO is NOT ready when UnLoading BMP!
2011-03-03 16:28:38.37 => Err=1011 : BMPINFO is NOT ready when UnLoading BMP!
2011-03-03 16:28:38.43 => Err=20   : Timeout when waiting plc's response!
2011-03-03 16:28:38.70 => Err=20   : Timeout when waiting plc's response!
2011-03-03 16:28:38.76 => Err=1011 : BMPINFO is NOT ready when UnLoading BMP!
2011-03-03 16:28:38.76 => Err=1011 : BMPINFO is NOT ready when UnLoading BMP!
2011-03-03 16:28:38.98 => Err=20   : Timeout when waiting plc's response!
== LOG REQUESTS LOST 1    ! ==
2011-03-03 16:28:39.25 => Err=20   : Timeout when waiting plc's response!
2011-03-03 16:28:39.47 => Err=20   : Timeout when waiting plc's response!
2011-03-03 16:28:39.75 => Err=20   : Timeout when waiting plc's response!
2011-03-03 16:28:39.80 => Err=1011 : BMPINFO is NOT ready when UnLoading BMP!
2011-03-03 16:28:39.80 => Err=1011 : BMPINFO is NOT ready when UnLoading BMP!
2011-03-03 16:28:39.80 => Err=1011 : BMPINFO is NOT ready when UnLoading BMP!
2011-03-03 16:28:39.97 => Err=1011 : BMPINFO is NOT ready when UnLoading BMP!
2011-03-03 16:28:39.97 => Err=1011 : BMPINFO is NOT ready when UnLoading BMP!
== LOG REQUESTS LOST 7    ! ==
2011-03-03 16:28:40.24 => Err=1011 : BMPINFO is NOT ready when UnLoading BMP!
2011-03-03 16:28:40.24 => Err=1011 : BMPINFO is NOT ready when UnLoading BMP!
2011-03-03 16:28:40.30 => Err=20   : Timeout when waiting plc's response!
2011-03-03 16:28:40.57 => Err=20   : Timeout when waiting plc's response!
2011-03-03 16:28:40.63 => Err=1011 : BMPINFO is NOT ready when UnLoading BMP!
2011-03-03 16:28:40.63 => Err=1011 : BMPINFO is NOT ready when UnLoading BMP!
2011-03-03 16:28:40.74 => Err=1011 : BMPINFO is NOT ready when UnLoading BMP!
2011-03-03 16:28:40.74 => Err=1011 : BMPINFO is NOT ready when UnLoading BMP!
== LOG REQUESTS LOST 1    ! ==
2011-03-03 16:28:41.34 => Err=20   : Timeout when waiting plc's response!
2011-03-03 16:28:41.61 => Err=20   : Timeout when waiting plc's response!
2011-03-03 16:28:41.83 => Err=1011 : BMPINFO is NOT ready when UnLoading BMP!
2011-03-03 16:28:41.83 => Err=1011 : BMPINFO is NOT ready when UnLoading BMP!
2011-03-03 16:28:41.83 => Err=1011 : BMPINFO is NOT ready when UnLoading BMP!
2011-03-03 16:28:41.89 => Err=20   : Timeout when waiting plc's response!
2011-03-03 16:28:42.00 => Err=1011 : BMPINFO is NOT ready when UnLoading BMP!
2011-03-03 16:28:42.00 => Err=1011 : BMPINFO is NOT ready when UnLoading BMP!
2011-03-03 16:28:42.22 => Err=1011 : BMPINFO is NOT ready when UnLoading BMP!
2011-03-03 16:28:42.22 => Err=1011 : BMPINFO is NOT ready when UnLoading BMP!
2011-03-03 16:28:42.44 => Err=20   : Timeout when waiting plc's response!
2011-03-03 16:28:42.66 => Err=20   : Timeout when waiting plc's response!
2011-03-03 16:28:42.93 => Err=20   : Timeout when waiting plc's response!
2011-03-03 16:28:42.93 => Err=1011 : BMPINFO is NOT ready when UnLoading BMP!
2011-03-03 16:28:42.93 => Err=1011 : BMPINFO is NOT ready when UnLoading BMP!
== LOG REQUESTS LOST 2    ! ==
2011-03-03 16:28:43.21 => Err=20   : Timeout when waiting plc's response!
2011-03-03 16:28:43.26 => Err=1011 : BMPINFO is NOT ready when UnLoading BMP!
2011-03-03 16:28:43.26 => Err=1011 : BMPINFO is NOT ready when UnLoading BMP!
2011-03-03 16:28:43.26 => Err=1011 : BMPINFO is NOT ready when UnLoading BMP!
2011-03-03 16:28:43.48 => Err=20   : Timeout when waiting plc's response!
2011-03-03 16:28:43.70 => Err=1011 : BMPINFO is NOT ready when UnLoading BMP!
2011-03-03 16:28:43.70 => Err=1011 : BMPINFO is NOT ready when UnLoading BMP!
2011-03-03 16:28:43.70 => Err=1011 : BMPINFO is NOT ready when UnLoading BMP!
2011-03-03 16:28:44.25 => Err=20   : Timeout when waiting plc's response!
2011-03-03 16:28:44.53 => Err=20   : Timeout when waiting plc's response!
2011-03-03 16:28:44.80 => Err=20   : Timeout when waiting plc's response!
2011-03-03 16:28:45.08 => Err=20   : Timeout when waiting plc's response!
2011-03-03 16:28:45.35 => Err=20   : Timeout when waiting plc's response!
2011-03-03 16:28:45.57 => Err=20   : Timeout when waiting plc's response!
2011-03-03 16:28:45.68 => Err=1011 : BMPINFO is NOT ready when UnLoading BMP!
2011-03-03 16:28:45.68 => Err=1011 : BMPINFO is NOT ready when UnLoading BMP!
2011-03-03 16:28:45.68 => Err=1011 : BMPINFO is NOT ready when UnLoading BMP!
2011-03-03 16:28:45.84 => Err=20   : Timeout when waiting plc's response!
2011-03-03 16:28:46.12 => Err=20   : Timeout when waiting plc's response!
2011-03-03 16:28:46.39 => Err=20   : Timeout when waiting plc's response!
2011-03-03 16:28:46.67 => Err=20   : Timeout when waiting plc's response!
2011-03-03 16:28:46.94 => Err=20   : Timeout when waiting plc's response!
2011-03-03 16:28:47.22 => Err=20   : Timeout when waiting plc's response!
2011-03-03 16:28:47.44 => Err=20   : Timeout when waiting plc's response!
2011-03-03 16:28:47.71 => Err=20   : Timeout when waiting plc's response!
2011-03-03 16:28:47.99 => Err=20   : Timeout when waiting plc's response!
2011-03-03 16:28:48.21 => Err=20   : Timeout when waiting plc's response!
2011-03-03 16:28:48.48 => Err=20   : Timeout when waiting plc's response!
2011-03-03 16:28:48.76 => Err=20   : Timeout when waiting plc's response!
2011-03-03 16:28:49.03 => Err=20   : Timeout when waiting plc's response!
2011-03-03 16:28:49.25 => Err=20   : Timeout when waiting plc's response!
2011-03-03 16:28:49.52 => Err=20   : Timeout when waiting plc's response!
2011-03-03 16:28:49.80 => Err=20   : Timeout when waiting plc's response!
2011-03-03 16:28:50.07 => Err=20   : Timeout when waiting plc's response!
2011-03-03 16:28:50.35 => Err=20   : Timeout when waiting plc's response!
2011-03-03 16:28:50.57 => Err=20   : Timeout when waiting plc's response!
2011-03-03 16:28:50.84 => Err=20   : Timeout when waiting plc's response!
2011-03-03 16:28:50.95 => Err=1011 : BMPINFO is NOT ready when UnLoading BMP!
2011-03-03 16:28:51.01 => Err=1011 : BMPINFO is NOT ready when UnLoading BMP!
2011-03-03 16:28:51.01 => Err=1011 : BMPINFO is NOT ready when UnLoading BMP!
2011-03-03 16:28:51.12 => Err=20   : Timeout when waiting plc's response!
2011-03-03 16:28:51.39 => Err=20   : Timeout when waiting plc's response!
2011-03-03 16:28:51.61 => Err=20   : Timeout when waiting plc's response!
2011-03-03 16:28:51.89 => Err=20   : Timeout when waiting plc's response!
2011-03-03 16:28:52.16 => Err=20   : Timeout when waiting plc's response!
2011-03-03 16:28:52.44 => Err=20   : Timeout when waiting plc's response!
2011-03-03 16:28:52.71 => Err=20   : Timeout when waiting plc's response!
2011-03-03 16:28:52.93 => Err=20   : Timeout when waiting plc's response!
== LOG REQUESTS LOST 6    ! ==
2011-04-25 14:46:33.25 => Err=1000 : BMP file specified does not exist!
2011-04-25 14:46:33.25 => Err=1000 : BMP file specified does not exist!
2011-04-25 14:46:33.25 => Err=1000 : BMP file specified does not exist!
2011-04-25 14:46:33.25 => Err=1000 : BMP file specified does not exist!
2011-04-25 14:46:33.25 => Err=1000 : BMP file specified does not exist!
2011-04-25 14:46:33.25 => Err=1000 : BMP file specified does not exist!
2011-04-25 14:46:33.25 => Err=1000 : BMP file specified does not exist!
2011-04-25 14:46:33.25 => Err=1000 : BMP file specified does not exist!
2011-04-25 14:46:34.29 => Err=20   : Timeout when waiting plc's response!
2011-04-25 14:46:34.57 => Err=20   : Timeout when waiting plc's response!
2011-04-25 14:46:34.84 => Err=20   : Timeout when waiting plc's response!
2011-04-25 14:46:35.12 => Err=20   : Timeout when waiting plc's response!
2011-04-25 14:46:35.39 => Err=20   : Timeout when waiting plc's response!
2011-04-25 14:46:35.61 => Err=20   : Timeout when waiting plc's response!
2011-04-25 14:46:35.88 => Err=20   : Timeout when waiting plc's response!
2011-04-25 14:46:36.16 => Err=20   : Timeout when waiting plc's response!
2011-04-25 14:46:36.38 => Err=20   : Timeout when waiting plc's response!
2011-04-25 14:46:36.65 => Err=20   : Timeout when waiting plc's response!
2011-04-25 14:46:36.93 => Err=20   : Timeout when waiting plc's response!
2011-04-25 14:46:37.20 => Err=20   : Timeout when waiting plc's response!
2013-03-21  0:11:14.59 => Err=1000 : BMP file specified does not exist!
2013-03-21  0:11:14.59 => Err=1000 : BMP file specified does not exist!
2013-03-21  0:11:14.59 => Err=1000 : BMP file specified does not exist!
2013-03-21  0:11:14.59 => Err=1000 : BMP file specified does not exist!
2013-03-21  0:11:14.59 => Err=1000 : BMP file specified does not exist!
2013-03-21  0:11:14.59 => Err=1000 : BMP file specified does not exist!
2013-03-21  0:11:14.59 => Err=1000 : BMP file specified does not exist!
2013-03-21  0:11:14.59 => Err=1000 : BMP file specified does not exist!
2013-03-21  0:11:16.18 => Err=1011 : BMPINFO is NOT ready when UnLoading BMP!
2013-03-21  0:11:16.24 => Err=1011 : BMPINFO is NOT ready when UnLoading BMP!
2013-03-21  0:11:16.24 => Err=1011 : BMPINFO is NOT ready when UnLoading BMP!
2013-03-21  0:11:16.46 => Err=20   : Timeout when waiting plc's response!
2013-03-21  0:11:16.73 => Err=20   : Timeout when waiting plc's response!
2013-03-21  0:11:16.95 => Err=20   : Timeout when waiting plc's response!
2013-03-21  0:11:17.23 => Err=20   : Timeout when waiting plc's response!
2013-03-21  0:11:17.50 => Err=20   : Timeout when waiting plc's response!
2013-03-21  0:11:17.72 => Err=20   : Timeout when waiting plc's response!
2013-03-21  0:11:18.00 => Err=20   : Timeout when waiting plc's response!
2013-03-21  0:11:18.27 => Err=20   : Timeout when waiting plc's response!
2013-03-21  0:11:18.54 => Err=20   : Timeout when waiting plc's response!
2013-03-21  0:11:18.82 => Err=20   : Timeout when waiting plc's response!
2013-03-21  0:11:19.09 => Err=20   : Timeout when waiting plc's response!
2013-03-21  0:11:19.31 => Err=20   : Timeout when waiting plc's response!
2013-03-21  0:11:19.59 => Err=20   : Timeout when waiting plc's response!
2013-03-21  0:11:19.86 => Err=20   : Timeout when waiting plc's response!
2013-03-21  0:11:20.08 => Err=20   : Timeout when waiting plc's response!
2013-03-21  0:11:20.36 => Err=20   : Timeout when waiting plc's response!
2013-03-21  0:11:20.69 => Err=20   : Timeout when waiting plc's response!
2013-03-21  0:11:20.91 => Err=20   : Timeout when waiting plc's response!
2013-03-21  0:11:21.18 => Err=20   : Timeout when waiting plc's response!
2013-03-21  0:11:21.46 => Err=20   : Timeout when waiting plc's response!
2013-03-21  0:11:21.68 => Err=20   : Timeout when waiting plc's response!
2013-03-21  0:11:21.95 => Err=20   : Timeout when waiting plc's response!
2013-03-21  0:11:22.22 => Err=20   : Timeout when waiting plc's response!
2013-03-21  0:11:22.50 => Err=20   : Timeout when waiting plc's response!
2014-01-24 22:15:53.59 => Err=1000 : BMP file specified does not exist!
2014-01-24 22:15:53.59 => Err=1000 : BMP file specified does not exist!
2014-01-24 22:15:53.59 => Err=1000 : BMP file specified does not exist!
2014-01-24 22:15:53.59 => Err=1000 : BMP file specified does not exist!
2014-01-24 22:15:53.59 => Err=1000 : BMP file specified does not exist!
2014-01-24 22:15:53.59 => Err=1000 : BMP file specified does not exist!
2014-01-24 22:15:53.59 => Err=1000 : BMP file specified does not exist!
2014-01-24 22:15:53.59 => Err=1000 : BMP file specified does not exist!
2014-01-24 22:15:55.13 => Err=1011 : BMPINFO is NOT ready when UnLoading BMP!
2014-01-24 22:15:55.18 => Err=1011 : BMPINFO is NOT ready when UnLoading BMP!
2014-01-24 22:15:55.18 => Err=1011 : BMPINFO is NOT ready when UnLoading BMP!
2014-01-24 22:15:55.40 => Err=20   : Timeout when waiting plc's response!
2014-01-24 22:15:55.68 => Err=20   : Timeout when waiting plc's response!
2014-01-24 22:15:55.90 => Err=20   : Timeout when waiting plc's response!
2014-01-24 22:15:56.17 => Err=20   : Timeout when waiting plc's response!
2014-01-24 22:15:56.45 => Err=20   : Timeout when waiting plc's response!
2014-01-24 22:15:56.72 => Err=20   : Timeout when waiting plc's response!
2014-01-24 22:15:56.94 => Err=20   : Timeout when waiting plc's response!
2014-01-24 22:15:57.33 => Err=20   : Timeout when waiting plc's response!
2014-01-24 22:15:57.55 => Err=20   : Timeout when waiting plc's response!
2014-01-24 22:15:57.82 => Err=20   : Timeout when waiting plc's response!
2014-01-24 22:15:58.10 => Err=20   : Timeout when waiting plc's response!
2014-01-24 22:15:58.31 => Err=20   : Timeout when waiting plc's response!
2014-01-24 22:45:02.75 => Err=1000 : BMP file specified does not exist!
2014-01-24 22:45:02.75 => Err=1000 : BMP file specified does not exist!
2014-01-24 22:45:02.75 => Err=1000 : BMP file specified does not exist!
2014-01-24 22:45:02.75 => Err=1000 : BMP file specified does not exist!
2014-01-24 22:45:02.75 => Err=1000 : BMP file specified does not exist!
2014-01-24 22:45:02.75 => Err=1000 : BMP file specified does not exist!
2014-01-24 22:45:02.75 => Err=1000 : BMP file specified does not exist!
2014-01-24 22:45:02.75 => Err=1000 : BMP file specified does not exist!
2014-01-24 22:45:04.29 => Err=1011 : BMPINFO is NOT ready when UnLoading BMP!
2014-01-24 22:45:04.34 => Err=1011 : BMPINFO is NOT ready when UnLoading BMP!
2014-01-24 22:45:04.34 => Err=1011 : BMPINFO is NOT ready when UnLoading BMP!
2014-01-24 22:45:04.56 => Err=20   : Timeout when waiting plc's response!
2014-01-24 22:45:04.84 => Err=20   : Timeout when waiting plc's response!
2014-01-24 22:45:05.11 => Err=20   : Timeout when waiting plc's response!
2014-01-24 22:45:05.38 => Err=20   : Timeout when waiting plc's response!
2014-01-24 22:45:05.66 => Err=20   : Timeout when waiting plc's response!
2014-01-24 22:45:05.88 => Err=20   : Timeout when waiting plc's response!
2014-01-24 22:45:06.15 => Err=20   : Timeout when waiting plc's response!
2014-01-24 22:45:06.48 => Err=20   : Timeout when waiting plc's response!
2014-01-24 22:45:06.70 => Err=20   : Timeout when waiting plc's response!
2014-01-24 22:45:06.98 => Err=20   : Timeout when waiting plc's response!
2014-01-24 22:45:07.25 => Err=20   : Timeout when waiting plc's response!
2014-01-24 22:45:07.47 => Err=20   : Timeout when waiting plc's response!
2014-01-24 22:45:07.75 => Err=20   : Timeout when waiting plc's response!
2014-01-24 22:45:08.02 => Err=20   : Timeout when waiting plc's response!
2014-01-24 22:45:08.24 => Err=20   : Timeout when waiting plc's response!
2014-01-24 22:45:08.52 => Err=20   : Timeout when waiting plc's response!